19:05:13.067 [main] INFO  Kltn2021.Passed.MustPass - New driver instantiated
19:05:21.592 [main] INFO  Kltn2021.Passed.MustPass - Web application launched
19:05:21.597 [main] INFO  Kltn2021.Passed.MustPass - TC1: enter wrong username password
19:05:23.137 [main] INFO  Kltn2021.Passed.MustPass - //*[@id="ctl00_lbtDangnhap"]
19:05:24.362 [main] INFO  Kltn2021.Passed.MustPass - 123
19:05:25.573 [main] INFO  Kltn2021.Passed.MustPass - 123
19:05:26.896 [main] INFO  Kltn2021.Passed.MustPass - //*[@id="ctl00_ContentPlaceHolder1_ctl00_ctl00_btLogin"]
19:05:27.195 [main] INFO  Kltn2021.Passed.MustPass - TC2: enter right username password
19:05:28.325 [main] INFO  Kltn2021.Passed.MustPass - //*[@id="ctl00_lbtDangnhap"]
19:05:28.393 [main] ERROR Kltn2021.Passed.MustPass - Location xpath [//*[@id="ctl00_ContentPlaceHolder1_ctl00_ctl00_txtUserName"]df] can not find!
19:05:28.394 [main] INFO  Kltn2021.Passed.MustPass - TC3: enter max username password
19:05:29.520 [main] INFO  Kltn2021.Passed.MustPass - //*[@id="ctl00_lbtDangnhap"]
19:05:30.762 [main] INFO  Kltn2021.Passed.MustPass - 2006-12-02
19:05:31.965 [main] INFO  Kltn2021.Passed.MustPass - 307RkW
19:05:33.308 [main] INFO  Kltn2021.Passed.MustPass - //*[@id="ctl00_ContentPlaceHolder1_ctl00_ctl00_btLogin"]
19:05:33.539 [main] INFO  Kltn2021.Passed.MustPass - TC4: enter special character username password
19:05:34.834 [main] INFO  Kltn2021.Passed.MustPass - //*[@id="ctl00_lbtDangnhap"]
19:05:36.066 [main] INFO  Kltn2021.Passed.MustPass - 2
19:05:37.308 [main] INFO  Kltn2021.Passed.MustPass - 1990.02.18 23:36:28
19:05:38.598 [main] INFO  Kltn2021.Passed.MustPass - //*[@id="ctl00_ContentPlaceHolder1_ctl00_ctl00_btLogin"]
19:05:38.846 [main] INFO  Kltn2021.Passed.MustPass - Browser closed
19:05:38.846 [main] INFO  Kltn2021.Passed.MustPass - --------------------------------------------------------------------------------------------------------------
19:05:38.847 [main] INFO  Kltn2021.Passed.MustPass - Total testcase: 4 |   Pass: 0 |   Fail: 4
19:05:38.847 [main] INFO  Kltn2021.Passed.MustPass - --------------------------------------------------------------------------------------------------------------
